[36m--[0m Using CATKIN_DEVEL_PREFIX: /home/nerea/AR/catkin_ws/devel/.private/second_package
[36m--[0m Using CMAKE_PREFIX_PATH: /home/nerea/AR/catkin_ws/devel;/opt/ros/noetic
[36m--[0m This workspace overlays: /home/nerea/AR/catkin_ws/devel;/opt/ros/noetic
[36m--[0m Found PythonInterp: /usr/bin/python3 (found suitable version "3.8.10", minimum required is "3")
[36m--[0m Using PYTHON_EXECUTABLE: /usr/bin/python3
[36m--[0m Using Debian Python package layout
[36m--[0m Using empy: /usr/lib/python3/dist-packages/em.py
[36m--[0m Using CATKIN_ENABLE_TESTING: ON
[36m--[0m Call enable_testing()
[36m--[0m Using CATKIN_TEST_RESULTS_DIR: /home/nerea/AR/catkin_ws/build/second_package/test_results
[36m--[0m Forcing gtest/gmock from source, though one was otherwise available.
[36m--[0m Found gtest sources under '/usr/src/googletest': gtests will be built
[36m--[0m Found gmock sources under '/usr/src/googletest': gmock will be built
[36m--[0m Found PythonInterp: /usr/bin/python3 (found version "3.8.10")
[36m--[0m Using Python nosetests: /usr/bin/nosetests3
[36m--[0m catkin 0.8.10
[36m--[0m BUILD_SHARED_LIBS is on
[36m--[0m Configuring done
[31m[1mCMake Error[0m at /home/nerea/AR/catkin_ws/src/second_package/CMakeLists.txt:145 (add_dependencies):
  The dependency target "beginner_tutorials_generate_messages_cpp" of target
  "listener" does not exist.


[31m[1mCMake Error[0m at /home/nerea/AR/catkin_ws/src/second_package/CMakeLists.txt:141 (add_dependencies):
  The dependency target "beginner_tutorials_generate_messages_cpp" of target
  "talker" does not exist.


[36m--[0m Generating done
CMake Generate step failed.  Build files cannot be regenerated correctly.
make: *** [Makefile:574: cmake_check_build_system] Error 1
